-------------------------------------------------------------------------------
Test set: TestSuite
-------------------------------------------------------------------------------
Tests run: 4, Failures: 1, Errors: 0, Skipped: 0, Time elapsed: 26.813 s <<< FAILURE! - in TestSuite
Framework.TestToFail.failThisTest  Time elapsed: 3.252 s  <<< FAILURE!
java.lang.AssertionError: expected [true] but found [false]
	at Framework.TestToFail.failThisTest(TestToFail.java:18)

