<?xml version="1.0" encoding="UTF-8"?>
<testsuite xmlns:xsi="http://www.w3.org/2001/XMLSchema-instance" xsi:noNamespaceSchemaLocation="https://maven.apache.org/surefire/maven-surefire-plugin/xsd/surefire-test-report-3.0.xsd" version="3.0" name="TestSuite" time="26.813" tests="4" errors="0" skipped="0" failures="1">
  <properties>
[...]
</properties>
  <testcase name="getRandomPersons" classname="Framework.Test2" time="0.312">
    <system-out><![CDATA[[Jazmine, Beier, Human Assurance Liaison, DVM, 9566 Kozey Drive, Port Francisbury, Australia, 50829-3201]
========================================
FirstName: Allyn
LastName: Gerhold
Title: Investor Infrastructure Administrator
Suffix: II
Address: 658 O'Reilly Villages
City: Lake Trudie
Country: Uruguay
Zip code: 20906-3019
=======================================
FirstName: Virgilio
LastName: Lowe
Title: Dynamic Branding Manager
Suffix: II
Address: 95223 Kendrick Mount
City: East Neville
Country: Malta
Zip code: 47598
=======================================
FirstName: Ellis
LastName: Yundt
Title: Investor Tactics Specialist
Suffix: IV
Address: 11200 Bernhard Mission
City: East Hien
Country: Malta
Zip code: 43613
=======================================
FirstName: Collin
LastName: Powlowski
Title: Investor Creative Technician
Suffix: PhD
Address: 998 Harber Keys
City: Lake Blakeville
Country: Bosnia and Herzegovina
Zip code: 12931
=======================================
FirstName: Billy
LastName: Hintz
Title: Dynamic Operations Administrator
Suffix: DDS
Address: 57506 Gaylord Road
City: New Valenciafurt
Country: Palau
Zip code: 86700
=======================================
]]></system-out>
  </testcase>
  <testcase name="failThisTest" classname="Framework.TestToFail" time="3.252">
    <failure message="expected [true] but found [false]" type="java.lang.AssertionError"><![CDATA[java.lang.AssertionError: expected [true] but found [false]
	at Framework.TestToFail.failThisTest(TestToFail.java:18)
]]></failure>
    <system-err><![CDATA[SLF4J: Failed to load class "org.slf4j.impl.StaticLoggerBinder".
SLF4J: Defaulting to no-operation (NOP) logger implementation
SLF4J: See http://www.slf4j.org/codes.html#StaticLoggerBinder for further details.
Starting ChromeDriver 83.0.4103.39 (ccbf011cb2d2b19b506d844400483861342c20cd-refs/branch-heads/4103@{#416}) on port 13876
Only local connections are allowed.
Please see https://chromedriver.chromium.org/security-considerations for suggestions on keeping ChromeDriver safe.
ChromeDriver was started successfully.
Jun 26, 2020 1:22:28 AM org.openqa.selenium.remote.ProtocolHandshake createSession
INFO: Detected dialect: W3C
]]></system-err>
  </testcase>
  <testcase name="homePageLogin[chas.bahringer, 22851151](1)" classname="HomePage.HomePage" time="11.405">
    <system-err><![CDATA[Starting ChromeDriver 83.0.4103.39 (ccbf011cb2d2b19b506d844400483861342c20cd-refs/branch-heads/4103@{#416}) on port 29853
Only local connections are allowed.
Please see https://chromedriver.chromium.org/security-considerations for suggestions on keeping ChromeDriver safe.
ChromeDriver was started successfully.
Jun 26, 2020 1:22:31 AM org.openqa.selenium.remote.ProtocolHandshake createSession
INFO: Detected dialect: W3C
]]></system-err>
  </testcase>
  <testcase name="homePageLogin[testemail@gmail.com, test12345](2)" classname="HomePage.HomePage" time="10.772">
    <system-err><![CDATA[Starting ChromeDriver 83.0.4103.39 (ccbf011cb2d2b19b506d844400483861342c20cd-refs/branch-heads/4103@{#416}) on port 24769
Only local connections are allowed.
Please see https://chromedriver.chromium.org/security-considerations for suggestions on keeping ChromeDriver safe.
ChromeDriver was started successfully.
Jun 26, 2020 1:22:42 AM org.openqa.selenium.remote.ProtocolHandshake createSession
INFO: Detected dialect: W3C
]]></system-err>
  </testcase>
</testsuite>